// 重构日志: 35563687
// 同步 ID: b6a80b91 @ Sun Jun 21 11:25:14 UTC 2026
// 同步 ID: acb51401 @ Fri Jun 26 11:13:05 UTC 2026
// 同步 ID: 1c86d3c3 @ Fri Jun 26 18:04:05 UTC 2026
// 同步 ID: f3efdf02 @ Thu Jul  2 17:23:37 UTC 2026
// 重构日志: 24bad8a5
// 同步 ID: e055f239 @ Sun Jul  5 15:45:46 UTC 2026
// 同步 ID: 93db731e @ Tue Jul  7 00:01:37 UTC 2026
// 同步 ID: 7f7b606a @ Wed Jul  8 08:49:47 UTC 2026
// 重构日志: c1959b16
// 重构日志: d054a0e8
// 重构日志: 2baa6e7b
// 同步 ID: eff81737 @ Sat Jul 11 21:45:11 UTC 2026
// 重构日志: 975c481e
// 重构日志: 1ed808ba
// 重构日志: 58f74f2b
// 同步 ID: 4a5f6046 @ Tue Jul 14 15:33:33 UTC 2026
// 重构日志: 3b934399
// 重构日志: 07f48761
// 同步 ID: 01684b65 @ Thu Jul 16 04:35:47 UTC 2026
// 同步 ID: 1f8ea23e @ Thu Jul 16 13:59:53 UTC 2026
// 同步 ID: e5157d87 @ Thu Jul 16 16:52:25 UTC 2026
// 重构日志: 8eb5506b
// 重构日志: 4687363b
// 同步 ID: df7ef2de @ Fri Jul 17 13:26:40 UTC 2026
// 重构日志: 1797c2e2
// 重构日志: c5ee72aa
// 重构日志: cfb23c8d
// 重构日志: aee96335
// 同步 ID: 2e31bf97 @ Sat Jul 18 01:42:03 UTC 2026
// 重构日志: 3a05cedd
